android/app/build/intermediates/manifest_merge_blame_file/release/manifest-merger-blame-release-report.txt
1<?xml version="1.0" encoding="utf-8"?>
2<manifest xmlns:android="http://schemas.android.com/apk/res/android"
3    package="dikov1.bundle"
4    android:versionCode="1"
5    android:versionName="1.0" >
6
7    <uses-sdk
8        android:minSdkVersion="21"
8-->src\main\AndroidManifest.xml
9        android:targetSdkVersion="30" />
9-->src\main\AndroidManifest.xml
10
11    <!-- Permissions -->
12
13    <uses-permission android:name="android.permission.INTERNET" />
13-->src\main\AndroidManifest.xml:22:5-66
13-->src\main\AndroidManifest.xml:22:22-64
14
15    <queries>
15-->[:capacitor-camera] AndroidManifest.xml:9:5-13:15
16        <intent>
16-->[:capacitor-camera] AndroidManifest.xml:10:9-12:18
17            <action android:name="android.media.action.IMAGE_CAPTURE" />
17-->[:capacitor-camera] AndroidManifest.xml:11:13-73
17-->[:capacitor-camera] AndroidManifest.xml:11:21-70
18        </intent>
19    </queries>
20
21    <uses-permission android:name="android.permission.VIBRATE" />
21-->[:capacitor-haptics] AndroidManifest.xml:9:5-66
21-->[:capacitor-haptics] AndroidManifest.xml:9:22-63
22
23    <application
23-->src\main\AndroidManifest.xml:4:5-18:19
24        android:allowBackup="true"
24-->src\main\AndroidManifest.xml:4:18-44
25        android:appComponentFactory="androidx.core.app.CoreComponentFactory"
25-->[androidx.core:core:1.3.2] AndroidManifest.xml:24:18-86
26        android:icon="@drawable/ic_launcher_foreground"
26-->src\main\AndroidManifest.xml:4:45-92
27        android:label="@string/app_name"
27-->src\main\AndroidManifest.xml:4:93-125
28        android:roundIcon="@drawable/ic_launcher_foreground"
28-->src\main\AndroidManifest.xml:4:126-178
29        android:supportsRtl="true"
29-->src\main\AndroidManifest.xml:4:179-205
30        android:theme="@style/AppTheme"
30-->src\main\AndroidManifest.xml:4:206-237
31        android:usesCleartextTraffic="true" >
31-->src\main\AndroidManifest.xml:4:238-273
32        <activity
32-->src\main\AndroidManifest.xml:6:9-13:20
33            android:name="dikov1.bundle.MainActivity"
33-->src\main\AndroidManifest.xml:6:136-177
34            android:configChanges="orientation|keyboardHidden|keyboard|screenSize|locale|smallestScreenSize|screenLayout|uiMode"
34-->src\main\AndroidManifest.xml:6:19-135
35            android:label="@string/title_activity_main"
35-->src\main\AndroidManifest.xml:6:178-221
36            android:launchMode="singleTask"
36-->src\main\AndroidManifest.xml:6:272-303
37            android:theme="@style/AppTheme.NoActionBarLaunch" >
37-->src\main\AndroidManifest.xml:6:222-271
38            <intent-filter>
38-->src\main\AndroidManifest.xml:8:13-11:29
39                <action android:name="android.intent.action.MAIN" />
39-->src\main\AndroidManifest.xml:9:17-68
39-->src\main\AndroidManifest.xml:9:25-66
40
41                <category android:name="android.intent.category.LAUNCHER" />
41-->src\main\AndroidManifest.xml:10:17-76
41-->src\main\AndroidManifest.xml:10:27-74
42            </intent-filter>
43        </activity>
44
45        <provider
46            android:name="androidx.core.content.FileProvider"
46-->src\main\AndroidManifest.xml:15:19-68
47            android:authorities="dikov1.bundle.fileprovider"
47-->src\main\AndroidManifest.xml:15:69-120
48            android:exported="false"
48-->src\main\AndroidManifest.xml:15:121-145
49            android:grantUriPermissions="true" >
49-->src\main\AndroidManifest.xml:15:146-180
50            <meta-data
50-->src\main\AndroidManifest.xml:16:13-111
51                android:name="android.support.FILE_PROVIDER_PATHS"
51-->src\main\AndroidManifest.xml:16:24-74
52                android:resource="@xml/file_paths" />
52-->src\main\AndroidManifest.xml:16:75-109
53        </provider>
54    </application>
55
56</manifest>